# JRE version: OpenJDK Runtime Environment Corretto-11.0.16.9.1 (11.0.16.1+9) (build 11.0.16.1+9-LTS)
# Java VM: OpenJDK 64-Bit Server VM Corretto-11.0.16.9.1 (11.0.16.1+9-LTS, mixed mode, tiered, compressed oops, g1 gc, windows-amd64)
Heap:
 garbage-first heap   total 262144K, used 171918K [0x00000000e0000000, 0x0000000100000000)
  region size 1024K, 158 young (161792K), 18 survivors (18432K)
 Metaspace       used 52718K, capacity 54257K, committed 54352K, reserved 301056K
  class space    used 6814K, capacity 7390K, committed 7424K, reserved 253952K
GC Heap History (17 events):
Event: 1.698 GC heap before
{Heap before GC invocations=0 (full 0):
 garbage-first heap   total 262144K, used 16384K [0x00000000e0000000, 0x0000000100000000)
  region size 1024K, 14 young (14336K), 0 survivors (0K)
 Metaspace       used 6803K, capacity 6987K, committed 7168K, reserved 262144K
  class space    used 573K, capacity 649K, committed 768K, reserved 253952K
}
Event: 1.710 GC heap after
{Heap after GC invocations=1 (full 0):
 garbage-first heap   total 262144K, used 4364K [0x00000000e0000000, 0x0000000100000000)
  region size 1024K, 2 young (2048K), 2 survivors (2048K)
 Metaspace       used 6803K, capacity 6987K, committed 7168K, reserved 262144K
  class space    used 573K, capacity 649K, committed 768K, reserved 253952K
}
Event: 2.516 GC heap before
{Heap before GC invocations=1 (full 0):
 garbage-first heap   total 262144K, used 18700K [0x00000000e0000000, 0x0000000100000000)
  region size 1024K, 13 young (13312K), 2 survivors (2048K)
 Metaspace       used 10232K, capacity 10550K, committed 10624K, reserved 264192K
  class space    used 1043K, capacity 1139K, committed 1152K, reserved 253952K
}
Event: 2.521 GC heap after
{Heap after GC invocations=2 (full 0):
 garbage-first heap   total 262144K, used 9369K [0x00000000e0000000, 0x0000000100000000)
  region size 1024K, 2 young (2048K), 2 survivors (2048K)
 Metaspace       used 10232K, capacity 10550K, committed 10624K, reserved 264192K
  class space    used 1043K, capacity 1139K, committed 1152K, reserved 253952K
}
Event: 3.252 GC heap before
{Heap before GC invocations=2 (full 0):
 garbage-first heap   total 262144K, used 39065K [0x00000000e0000000, 0x0000000100000000)
  region size 1024K, 30 young (30720K), 2 survivors (2048K)
 Metaspace       used 11242K, capacity 11567K, committed 11776K, reserved 266240K
  class space    used 1144K, capacity 1243K, committed 1280K, reserved 253952K
}
Event: 3.257 GC heap after
{Heap after GC invocations=3 (full 0):
 garbage-first heap   total 262144K, used 13124K [0x00000000e0000000, 0x0000000100000000)
  region size 1024K, 4 young (4096K), 4 survivors (4096K)
 Metaspace       used 11242K, capacity 11567K, committed 11776K, reserved 266240K
  class space    used 1144K, capacity 1243K, committed 1280K, reserved 253952K
}
Event: 6.938 GC heap before
{Heap before GC invocations=3 (full 0):
 garbage-first heap   total 262144K, used 54084K [0x00000000e0000000, 0x0000000100000000)
  region size 1024K, 44 young (45056K), 4 survivors (4096K)
 Metaspace       used 17794K, capacity 18246K, committed 18432K, reserved 270336K
  class space    used 2081K, capacity 2218K, committed 2304K, reserved 253952K
}
Event: 6.946 GC heap after
{Heap after GC invocations=4 (full 0):
 garbage-first heap   total 262144K, used 16211K [0x00000000e0000000, 0x0000000100000000)
  region size 1024K, 6 young (6144K), 6 survivors (6144K)
 Metaspace       used 17794K, capacity 18246K, committed 18432K, reserved 270336K
  class space    used 2081K, capacity 2218K, committed 2304K, reserved 253952K
}
Event: 8.301 GC heap before
{Heap before GC invocations=4 (full 0):
 garbage-first heap   total 262144K, used 38739K [0x00000000e0000000, 0x0000000100000000)
  region size 1024K, 29 young (29696K), 6 survivors (6144K)
 Metaspace       used 20698K, capacity 21201K, committed 21296K, reserved 274432K
  class space    used 2502K, capacity 2675K, committed 2688K, reserved 253952K
}
Event: 8.308 GC heap after
{Heap after GC invocations=5 (full 0):
 garbage-first heap   total 262144K, used 17009K [0x00000000e0000000, 0x0000000100000000)
  region size 1024K, 4 young (4096K), 4 survivors (4096K)
 Metaspace       used 20698K, capacity 21201K, committed 21296K, reserved 274432K
  class space    used 2502K, capacity 2675K, committed 2688K, reserved 253952K
}
Event: 11.200 GC heap before
{Heap before GC invocations=6 (full 0):
 garbage-first heap   total 262144K, used 74353K [0x00000000e0000000, 0x0000000100000000)
  region size 1024K, 61 young (62464K), 4 survivors (4096K)
 Metaspace       used 26196K, capacity 26800K, committed 26928K, reserved 278528K
  class space    used 3385K, capacity 3588K, committed 3712K, reserved 253952K
}
Event: 11.215 GC heap after
{Heap after GC invocations=7 (full 0):
 garbage-first heap   total 262144K, used 19225K [0x00000000e0000000, 0x0000000100000000)
  region size 1024K, 6 young (6144K), 6 survivors (6144K)
 Metaspace       used 26196K, capacity 26800K, committed 26928K, reserved 278528K
  class space    used 3385K, capacity 3588K, committed 3712K, reserved 253952K
}
Event: 13.924 GC heap before
{Heap before GC invocations=7 (full 0):
 garbage-first heap   total 262144K, used 72473K [0x00000000e0000000, 0x0000000100000000)
  region size 1024K, 59 young (60416K), 6 survivors (6144K)
 Metaspace       used 35007K, capacity 35753K, committed 35920K, reserved 286720K
  class space    used 4496K, capacity 4788K, committed 4864K, reserved 253952K
}
Event: 13.939 GC heap after
{Heap after GC invocations=8 (full 0):
 garbage-first heap   total 262144K, used 22910K [0x00000000e0000000, 0x0000000100000000)
  region size 1024K, 7 young (7168K), 7 survivors (7168K)
 Metaspace       used 35007K, capacity 35753K, committed 35920K, reserved 286720K
  class space    used 4496K, capacity 4788K, committed 4864K, reserved 253952K
}
Event: 17.842 GC heap before
{Heap before GC invocations=9 (full 0):
 garbage-first heap   total 262144K, used 115070K [0x00000000e0000000, 0x0000000100000000)
  region size 1024K, 94 young (96256K), 7 survivors (7168K)
 Metaspace       used 43046K, capacity 44022K, committed 44240K, reserved 292864K
  class space    used 5387K, capacity 5719K, committed 5760K, reserved 253952K
}
Event: 17.861 GC heap after
{Heap after GC invocations=10 (full 0):
 garbage-first heap   total 262144K, used 28558K [0x00000000e0000000, 0x0000000100000000)
  region size 1024K, 12 young (12288K), 12 survivors (12288K)
 Metaspace       used 43046K, capacity 44022K, committed 44240K, reserved 292864K
  class space    used 5387K, capacity 5719K, committed 5760K, reserved 253952K
}
Event: 23.474 GC heap before
{Heap before GC invocations=10 (full 0):
 garbage-first heap   total 262144K, used 171918K [0x00000000e0000000, 0x0000000100000000)
  region size 1024K, 152 young (155648K), 12 survivors (12288K)
 Metaspace       used 52718K, capacity 54257K, committed 54352K, reserved 301056K
  class space    used 6814K, capacity 7390K, committed 7424K, reserved 253952K
}

